c:\users\eh408\documents\repo\2019130023_sjh\debug\2019130023_sjh.pch
c:\users\eh408\documents\repo\2019130023_sjh\debug\vc143.pdb
c:\users\eh408\documents\repo\2019130023_sjh\debug\vc143.idb
c:\users\eh408\documents\repo\2019130023_sjh\debug\pch.obj
c:\users\eh408\documents\repo\2019130023_sjh\debug\dlgdigitalio.obj
c:\users\eh408\documents\repo\2019130023_sjh\debug\2019130023_sjhdlg.obj
c:\users\eh408\documents\repo\2019130023_sjh\debug\2019130023_sjh.obj
c:\users\eh408\documents\repo\2019130023_sjh\debug\2019130023_sjh.exe
c:\users\eh408\documents\repo\2019130023_sjh\debug\2019130023_sjh.ilk
c:\users\eh408\documents\repo\2019130023_sjh\debug\2019130023_sjh.pdb
c:\users\eh408\documents\repo\2019130023_sjh\debug\my2019130023sjh.res
c:\users\eh408\documents\repo\2019130023_sjh\debug\2019130023_sjh.tlog\cl.command.1.tlog
c:\users\eh408\documents\repo\2019130023_sjh\debug\2019130023_sjh.tlog\cl.items.tlog
c:\users\eh408\documents\repo\2019130023_sjh\debug\2019130023_sjh.tlog\cl.read.1.tlog
c:\users\eh408\documents\repo\2019130023_sjh\debug\2019130023_sjh.tlog\cl.write.1.tlog
c:\users\eh408\documents\repo\2019130023_sjh\debug\2019130023_sjh.tlog\link.command.1.tlog
c:\users\eh408\documents\repo\2019130023_sjh\debug\2019130023_sjh.tlog\link.read.1.tlog
c:\users\eh408\documents\repo\2019130023_sjh\debug\2019130023_sjh.tlog\link.write.1.tlog
c:\users\eh408\documents\repo\2019130023_sjh\debug\2019130023_sjh.tlog\rc.command.1.tlog
c:\users\eh408\documents\repo\2019130023_sjh\debug\2019130023_sjh.tlog\rc.read.1.tlog
c:\users\eh408\documents\repo\2019130023_sjh\debug\2019130023_sjh.tlog\rc.write.1.tlog
